<?xml version="1.0" encoding="UTF-8"?>
<!-- Generated by org.testng.reporters.JUnitReportReporter -->
<testsuite hostname="LP2-AP-52100881" failures="0" tests="3" name="com.restAPI.restAPI" time="2.523" errors="0" timestamp="2024-10-17T17:38:06 IST" skipped="0">
  <testcase classname="com.restAPI.restAPI" name="testing3" time="0.169"/>
  <testcase classname="com.restAPI.restAPI" name="testing" time="1.551"/>
  <testcase classname="com.restAPI.restAPI" name="testing2" time="0.803"/>
</testsuite> <!-- com.restAPI.restAPI -->
