<?xml version="1.0" encoding="UTF-8"?>
<!-- Generated by org.testng.reporters.JUnitReportReporter -->
<testsuite hostname="LP2-AP-52100881" failures="0" tests="5" name="com.restAPI.getAndPostExamples" time="4.097" errors="0" timestamp="2024-10-08T17:28:54 IST" skipped="0">
  <testcase classname="com.restAPI.getAndPostExamples" name="testing" time="0.789"/>
  <testcase classname="com.restAPI.getAndPostExamples" name="deleteAPI" time="1.923"/>
  <testcase classname="com.restAPI.getAndPostExamples" name="patchAPI" time="0.471"/>
  <testcase classname="com.restAPI.getAndPostExamples" name="putAPI" time="0.454"/>
  <testcase classname="com.restAPI.getAndPostExamples" name="postAPI" time="0.460"/>
</testsuite> <!-- com.restAPI.getAndPostExamples -->
