<?xml version="1.0" encoding="UTF-8"?>
<!-- Generated by org.testng.reporters.JUnitReportReporter -->
<testsuite hostname="LP2-AP-52100881" failures="0" tests="26" name="com.restAPI.localAPITesting" time="2.479" errors="0" timestamp="2024-10-31T23:51:33 IST" skipped="25">
  <testcase classname="com.restAPI.localAPITesting" name="apiKey" time="2.479"/>
  <testcase classname="com.restAPI.localAPITesting" name="xmlSchemaValidation">
    <skipped/>
  </testcase> <!-- xmlSchemaValidation -->
  <testcase classname="com.restAPI.localAPITesting" name="capturedUl">
    <skipped/>
  </testcase> <!-- capturedUl -->
  <testcase classname="com.restAPI.localAPITesting" name="dcapturedddResponseInVaridable">
    <skipped/>
  </testcase> <!-- dcapturedddResponseInVaridable -->
  <testcase classname="com.restAPI.localAPITesting" name="basicAuthentication">
    <skipped/>
  </testcase> <!-- basicAuthentication -->
  <testcase classname="com.restAPI.localAPITesting" name="bearertoken">
    <skipped/>
  </testcase> <!-- bearertoken -->
  <testcase classname="com.restAPI.localAPITesting" name="captureResponseInVaridable">
    <skipped/>
  </testcase> <!-- captureResponseInVaridable -->
  <testcase classname="com.restAPI.localAPITesting" name="capturedddddUdl">
    <skipped/>
  </testcase> <!-- capturedddddUdl -->
  <testcase classname="com.restAPI.localAPITesting" name="capturedddResponseInVaridable">
    <skipped/>
  </testcase> <!-- capturedddResponseInVaridable -->
  <testcase classname="com.restAPI.localAPITesting" name="oAuth1">
    <skipped/>
  </testcase> <!-- oAuth1 -->
  <testcase classname="com.restAPI.localAPITesting" name="captureddUdl">
    <skipped/>
  </testcase> <!-- captureddUdl -->
  <testcase classname="com.restAPI.localAPITesting" name="deserialization">
    <skipped/>
  </testcase> <!-- deserialization -->
  <testcase classname="com.restAPI.localAPITesting" name="capturedddRespdonseInVaridable">
    <skipped/>
  </testcase> <!-- capturedddRespdonseInVaridable -->
  <testcase classname="com.restAPI.localAPITesting" name="digestAuthentication">
    <skipped/>
  </testcase> <!-- digestAuthentication -->
  <testcase classname="com.restAPI.localAPITesting" name="captureddUl">
    <skipped/>
  </testcase> <!-- captureddUl -->
  <testcase classname="com.restAPI.localAPITesting" name="capturedUlXML">
    <skipped/>
  </testcase> <!-- capturedUlXML -->
  <testcase classname="com.restAPI.localAPITesting" name="capturdedddRespdonseInVaridable">
    <skipped/>
  </testcase> <!-- capturdedddRespdonseInVaridable -->
  <testcase classname="com.restAPI.localAPITesting" name="captureddResponsddeInVaridable">
    <skipped/>
  </testcase> <!-- captureddResponsddeInVaridable -->
  <testcase classname="com.restAPI.localAPITesting" name="captureResponseInVariable">
    <skipped/>
  </testcase> <!-- captureResponseInVariable -->
  <testcase classname="com.restAPI.localAPITesting" name="primentiveAuthentication">
    <skipped/>
  </testcase> <!-- primentiveAuthentication -->
  <testcase classname="com.restAPI.localAPITesting" name="oAuth2">
    <skipped/>
  </testcase> <!-- oAuth2 -->
  <testcase classname="com.restAPI.localAPITesting" name="jsonSchemaValidation">
    <skipped/>
  </testcase> <!-- jsonSchemaValidation -->
  <testcase classname="com.restAPI.localAPITesting" name="captureddResponseInVaridable">
    <skipped/>
  </testcase> <!-- captureddResponseInVaridable -->
  <testcase classname="com.restAPI.localAPITesting" name="capturedUldXML">
    <skipped/>
  </testcase> <!-- capturedUldXML -->
  <testcase classname="com.restAPI.localAPITesting" name="serilization">
    <skipped/>
  </testcase> <!-- serilization -->
  <testcase classname="com.restAPI.localAPITesting" name="dcapturdfedddResponseInVaridable">
    <skipped/>
  </testcase> <!-- dcapturdfedddResponseInVaridable -->
</testsuite> <!-- com.restAPI.localAPITesting -->
