<?xml version="1.0" encoding="UTF-8"?>
<!-- Generated by org.testng.reporters.JUnitReportReporter -->
<testsuite hostname="LP2-AP-52100881" failures="0" tests="4" name="com.restAPI.queryandPathParameters" time="1.727" errors="0" timestamp="2024-10-27T05:51:33 IST" skipped="3">
  <testcase classname="com.restAPI.queryandPathParameters" name="cooksieds" time="1.727"/>
  <testcase classname="com.restAPI.queryandPathParameters" name="cookieds">
    <skipped/>
  </testcase> <!-- cookieds -->
  <testcase classname="com.restAPI.queryandPathParameters" name="cookies">
    <skipped/>
  </testcase> <!-- cookies -->
  <testcase classname="com.restAPI.queryandPathParameters" name="queryParameter">
    <skipped/>
  </testcase> <!-- queryParameter -->
</testsuite> <!-- com.restAPI.queryandPathParameters -->
