<?xml version="1.0" encoding="UTF-8"?>
<!-- Generated by org.testng.reporters.JUnitReportReporter -->
<testsuite hostname="LP2-AP-52100881" failures="0" tests="2" name="com.restAPI.jsonParsing" time="1.775" errors="0" timestamp="2024-10-14T22:18:34 IST" skipped="1">
  <testcase classname="com.restAPI.jsonParsing" name="testJsondResponse" time="1.775"/>
  <testcase classname="com.restAPI.jsonParsing" name="testJsonResponse">
    <skipped/>
  </testcase> <!-- testJsonResponse -->
</testsuite> <!-- com.restAPI.jsonParsing -->
