<?xml version="1.0" encoding="UTF-8"?>
<!-- Generated by org.testng.reporters.JUnitReportReporter -->
<testsuite hostname="LP2-AP-52100881" failures="0" tests="2" name="com.restAPI.jsonSchemaValidator" time="2.708" errors="0" timestamp="2024-10-11T10:46:00 IST" skipped="1">
  <testcase classname="com.restAPI.jsonSchemaValidator" name="allTC" time="2.708"/>
  <testcase classname="com.restAPI.jsonSchemaValidator" name="getAPI">
    <skipped/>
  </testcase> <!-- getAPI -->
</testsuite> <!-- com.restAPI.jsonSchemaValidator -->
