<?xml version="1.0" encoding="UTF-8"?>
<!-- Generated by org.testng.reporters.JUnitReportReporter -->
<testsuite hostname="LP2-AP-52100881" failures="0" tests="2" name="com.restAPI.differentPostRequests" time="1.562" errors="0" timestamp="2024-10-12T20:36:30 IST" skipped="1">
  <testcase classname="com.restAPI.differentPostRequests" name="pojoRequest" time="1.562"/>
  <testcase classname="com.restAPI.differentPostRequests" name="testing">
    <skipped/>
  </testcase> <!-- testing -->
</testsuite> <!-- com.restAPI.differentPostRequests -->
