<?xml version="1.0" encoding="UTF-8"?>
<!-- Generated by org.testng.reporters.JUnitReportReporter -->
<testsuite hostname="LP2-AP-52100881" failures="0" tests="1" name="com.restAPI.practiceAPITillNow" time="1.873" errors="0" timestamp="2024-10-30T23:49:40 IST" skipped="0">
  <testcase classname="com.restAPI.practiceAPITillNow" name="testing" time="1.873"/>
</testsuite> <!-- com.restAPI.practiceAPITillNow -->
