<?xml version="1.0" encoding="UTF-8"?>
<!-- Generated by org.testng.reporters.JUnitReportReporter -->
<testsuite hostname="LP2-AP-52100881" failures="0" tests="3" name="com.restAPI.practicingAPI" time="2.677" errors="0" timestamp="2024-10-09T16:19:18 IST" skipped="0">
  <testcase classname="com.restAPI.practicingAPI" name="getAPI2" time="0.128"/>
  <testcase classname="com.restAPI.practicingAPI" name="postAPI" time="0.480"/>
  <testcase classname="com.restAPI.practicingAPI" name="getAPI" time="2.069"/>
</testsuite> <!-- com.restAPI.practicingAPI -->
