<?xml version="1.0" encoding="UTF-8"?>
<!-- Generated by org.testng.reporters.JUnitReportReporter -->
<testsuite hostname="LP2-AP-52100881" failures="0" tests="28" name="com.restAPI.localAllAPITesting" time="0.170" errors="0" timestamp="2024-11-01T16:29:22 IST" skipped="27">
  <testcase classname="com.restAPI.localAllAPITesting" name="fakedata" time="0.170"/>
  <testcase classname="com.restAPI.localAllAPITesting" name="basicAuthentication">
    <skipped/>
  </testcase> <!-- basicAuthentication -->
  <testcase classname="com.restAPI.localAllAPITesting" name="primentiveAuthentication">
    <skipped/>
  </testcase> <!-- primentiveAuthentication -->
  <testcase classname="com.restAPI.localAllAPITesting" name="xmlSchemaValidation">
    <skipped/>
  </testcase> <!-- xmlSchemaValidation -->
  <testcase classname="com.restAPI.localAllAPITesting" name="apiKey">
    <skipped/>
  </testcase> <!-- apiKey -->
  <testcase classname="com.restAPI.localAllAPITesting" name="oAuth1">
    <skipped/>
  </testcase> <!-- oAuth1 -->
  <testcase classname="com.restAPI.localAllAPITesting" name="dcapturdfedddResponseInVaridable">
    <skipped/>
  </testcase> <!-- dcapturdfedddResponseInVaridable -->
  <testcase classname="com.restAPI.localAllAPITesting" name="serilization">
    <skipped/>
  </testcase> <!-- serilization -->
  <testcase classname="com.restAPI.localAllAPITesting" name="captureddUdl">
    <skipped/>
  </testcase> <!-- captureddUdl -->
  <testcase classname="com.restAPI.localAllAPITesting" name="captureddResponseInVaridable">
    <skipped/>
  </testcase> <!-- captureddResponseInVaridable -->
  <testcase classname="com.restAPI.localAllAPITesting" name="captureResponseInVaridable">
    <skipped/>
  </testcase> <!-- captureResponseInVaridable -->
  <testcase classname="com.restAPI.localAllAPITesting" name="bearertoken">
    <skipped/>
  </testcase> <!-- bearertoken -->
  <testcase classname="com.restAPI.localAllAPITesting" name="captureddResponsddeInVaridable">
    <skipped/>
  </testcase> <!-- captureddResponsddeInVaridable -->
  <testcase classname="com.restAPI.localAllAPITesting" name="capturedUl">
    <skipped/>
  </testcase> <!-- capturedUl -->
  <testcase classname="com.restAPI.localAllAPITesting" name="captureResponseInVariable">
    <skipped/>
  </testcase> <!-- captureResponseInVariable -->
  <testcase classname="com.restAPI.localAllAPITesting" name="capturedddResponseInVaridable">
    <skipped/>
  </testcase> <!-- capturedddResponseInVaridable -->
  <testcase classname="com.restAPI.localAllAPITesting" name="captureddUl">
    <skipped/>
  </testcase> <!-- captureddUl -->
  <testcase classname="com.restAPI.localAllAPITesting" name="deserialization">
    <skipped/>
  </testcase> <!-- deserialization -->
  <testcase classname="com.restAPI.localAllAPITesting" name="capturdedddRespdonseInVaridable">
    <skipped/>
  </testcase> <!-- capturdedddRespdonseInVaridable -->
  <testcase classname="com.restAPI.localAllAPITesting" name="capturedUldXML">
    <skipped/>
  </testcase> <!-- capturedUldXML -->
  <testcase classname="com.restAPI.localAllAPITesting" name="capturedUlXML">
    <skipped/>
  </testcase> <!-- capturedUlXML -->
  <testcase classname="com.restAPI.localAllAPITesting" name="capturedddddUdl">
    <skipped/>
  </testcase> <!-- capturedddddUdl -->
  <testcase classname="com.restAPI.localAllAPITesting" name="oAuth2">
    <skipped/>
  </testcase> <!-- oAuth2 -->
  <testcase classname="com.restAPI.localAllAPITesting" name="jsonSchemaValidation">
    <skipped/>
  </testcase> <!-- jsonSchemaValidation -->
  <testcase classname="com.restAPI.localAllAPITesting" name="queryparaandpath">
    <skipped/>
  </testcase> <!-- queryparaandpath -->
  <testcase classname="com.restAPI.localAllAPITesting" name="capturedddRespdonseInVaridable">
    <skipped/>
  </testcase> <!-- capturedddRespdonseInVaridable -->
  <testcase classname="com.restAPI.localAllAPITesting" name="dcapturedddResponseInVaridable">
    <skipped/>
  </testcase> <!-- dcapturedddResponseInVaridable -->
  <testcase classname="com.restAPI.localAllAPITesting" name="digestAuthentication">
    <skipped/>
  </testcase> <!-- digestAuthentication -->
</testsuite> <!-- com.restAPI.localAllAPITesting -->
