<?xml version="1.0" encoding="UTF-8"?>
<!-- Generated by org.testng.reporters.JUnitReportReporter -->
<testsuite hostname="LP2-AP-52100881" failures="0" tests="3" name="com.restAPI.randomPracticeClass" time="2.454" errors="0" timestamp="2024-11-04T23:24:14 IST" skipped="2">
  <testcase classname="com.restAPI.randomPracticeClass" name="practiceTesting" time="2.454"/>
  <testcase classname="com.restAPI.randomPracticeClass" name="scrollThePage">
    <skipped/>
  </testcase> <!-- scrollThePage -->
  <testcase classname="com.restAPI.randomPracticeClass" name="scrollThePage1">
    <skipped/>
  </testcase> <!-- scrollThePage1 -->
</testsuite> <!-- com.restAPI.randomPracticeClass -->
