<?xml version="1.0" encoding="UTF-8"?>
<!-- Generated by org.testng.reporters.JUnitReportReporter -->
<testsuite hostname="LP2-AP-52100881" failures="0" tests="1" name="com.runner.runnerClass$RunnerClass" time="7.325" errors="0" timestamp="2024-09-17T19:01:41 IST" skipped="0">
  <testcase classname="com.runner.runnerClass$RunnerClass" name="runScenario" time="7.325"/>
</testsuite> <!-- com.runner.runnerClass$RunnerClass -->
